{"total": {"lines":{"total":456,"covered":252,"skipped":0,"pct":55.26},"statements":{"total":472,"covered":258,"skipped":0,"pct":54.66},"functions":{"total":160,"covered":81,"skipped":0,"pct":50.62},"branches":{"total":193,"covered":83,"skipped":0,"pct":43},"branchesTrue":{"total":0,"covered":0,"skipped":0,"pct":100}}
,"/home/zirows/Documentos/trybe-projects/sd-030-b-project-recipes-app/src/App.js": {"lines":{"total":1,"covered":1,"skipped":0,"pct":100},"functions":{"total":1,"covered":1,"skipped":0,"pct":100},"statements":{"total":1,"covered":1,"skipped":0,"pct":100},"branches":{"total":0,"covered":0,"skipped":0,"pct":100}}
,"/home/zirows/Documentos/trybe-projects/sd-030-b-project-recipes-app/src/components/DoneRecipesCard.jsx": {"lines":{"total":10,"covered":10,"skipped":0,"pct":100},"functions":{"total":6,"covered":5,"skipped":0,"pct":83.33},"statements":{"total":11,"covered":10,"skipped":0,"pct":90.9},"branches":{"total":10,"covered":10,"skipped":0,"pct":100}}
,"/home/zirows/Documentos/trybe-projects/sd-030-b-project-recipes-app/src/components/FavoriteRecipesCard.jsx": {"lines":{"total":11,"covered":11,"skipped":0,"pct":100},"functions":{"total":6,"covered":6,"skipped":0,"pct":100},"statements":{"total":12,"covered":12,"skipped":0,"pct":100},"branches":{"total":4,"covered":4,"skipped":0,"pct":100}}
,"/home/zirows/Documentos/trybe-projects/sd-030-b-project-recipes-app/src/components/Footer.jsx": {"lines":{"total":1,"covered":1,"skipped":0,"pct":100},"functions":{"total":1,"covered":1,"skipped":0,"pct":100},"statements":{"total":1,"covered":1,"skipped":0,"pct":100},"branches":{"total":0,"covered":0,"skipped":0,"pct":100}}
,"/home/zirows/Documentos/trybe-projects/sd-030-b-project-recipes-app/src/components/Header.jsx": {"lines":{"total":10,"covered":10,"skipped":0,"pct":100},"functions":{"total":4,"covered":4,"skipped":0,"pct":100},"statements":{"total":10,"covered":10,"skipped":0,"pct":100},"branches":{"total":4,"covered":4,"skipped":0,"pct":100}}
,"/home/zirows/Documentos/trybe-projects/sd-030-b-project-recipes-app/src/components/InProgressCheckBox.jsx": {"lines":{"total":36,"covered":1,"skipped":0,"pct":2.77},"functions":{"total":13,"covered":0,"skipped":0,"pct":0},"statements":{"total":39,"covered":1,"skipped":0,"pct":2.56},"branches":{"total":21,"covered":0,"skipped":0,"pct":0}}
,"/home/zirows/Documentos/trybe-projects/sd-030-b-project-recipes-app/src/components/RecipeCard.js": {"lines":{"total":5,"covered":5,"skipped":0,"pct":100},"functions":{"total":2,"covered":2,"skipped":0,"pct":100},"statements":{"total":5,"covered":5,"skipped":0,"pct":100},"branches":{"total":0,"covered":0,"skipped":0,"pct":100}}
,"/home/zirows/Documentos/trybe-projects/sd-030-b-project-recipes-app/src/components/RecipeCardSearch.jsx": {"lines":{"total":7,"covered":7,"skipped":0,"pct":100},"functions":{"total":1,"covered":1,"skipped":0,"pct":100},"statements":{"total":7,"covered":7,"skipped":0,"pct":100},"branches":{"total":2,"covered":2,"skipped":0,"pct":100}}
,"/home/zirows/Documentos/trybe-projects/sd-030-b-project-recipes-app/src/components/RecipeDetails.js": {"lines":{"total":63,"covered":26,"skipped":0,"pct":41.26},"functions":{"total":18,"covered":5,"skipped":0,"pct":27.77},"statements":{"total":65,"covered":27,"skipped":0,"pct":41.53},"branches":{"total":36,"covered":5,"skipped":0,"pct":13.88}}
,"/home/zirows/Documentos/trybe-projects/sd-030-b-project-recipes-app/src/components/RecipeFilter.js": {"lines":{"total":10,"covered":8,"skipped":0,"pct":80},"functions":{"total":4,"covered":2,"skipped":0,"pct":50},"statements":{"total":10,"covered":8,"skipped":0,"pct":80},"branches":{"total":4,"covered":2,"skipped":0,"pct":50}}
,"/home/zirows/Documentos/trybe-projects/sd-030-b-project-recipes-app/src/components/Recipes.js": {"lines":{"total":60,"covered":36,"skipped":0,"pct":60},"functions":{"total":11,"covered":9,"skipped":0,"pct":81.81},"statements":{"total":62,"covered":38,"skipped":0,"pct":61.29},"branches":{"total":38,"covered":26,"skipped":0,"pct":68.42}}
,"/home/zirows/Documentos/trybe-projects/sd-030-b-project-recipes-app/src/components/SearchBar.jsx": {"lines":{"total":42,"covered":39,"skipped":0,"pct":92.85},"functions":{"total":6,"covered":6,"skipped":0,"pct":100},"statements":{"total":42,"covered":39,"skipped":0,"pct":92.85},"branches":{"total":20,"covered":18,"skipped":0,"pct":90}}
,"/home/zirows/Documentos/trybe-projects/sd-030-b-project-recipes-app/src/context/HeaderContext.js": {"lines":{"total":1,"covered":1,"skipped":0,"pct":100},"functions":{"total":0,"covered":0,"skipped":0,"pct":100},"statements":{"total":1,"covered":1,"skipped":0,"pct":100},"branches":{"total":0,"covered":0,"skipped":0,"pct":100}}
,"/home/zirows/Documentos/trybe-projects/sd-030-b-project-recipes-app/src/context/HeaderProvider.js": {"lines":{"total":7,"covered":7,"skipped":0,"pct":100},"functions":{"total":2,"covered":2,"skipped":0,"pct":100},"statements":{"total":7,"covered":7,"skipped":0,"pct":100},"branches":{"total":0,"covered":0,"skipped":0,"pct":100}}
,"/home/zirows/Documentos/trybe-projects/sd-030-b-project-recipes-app/src/context/LoginContext.js": {"lines":{"total":1,"covered":1,"skipped":0,"pct":100},"functions":{"total":0,"covered":0,"skipped":0,"pct":100},"statements":{"total":1,"covered":1,"skipped":0,"pct":100},"branches":{"total":0,"covered":0,"skipped":0,"pct":100}}
,"/home/zirows/Documentos/trybe-projects/sd-030-b-project-recipes-app/src/context/LoginProvider.js": {"lines":{"total":24,"covered":24,"skipped":0,"pct":100},"functions":{"total":6,"covered":6,"skipped":0,"pct":100},"statements":{"total":24,"covered":24,"skipped":0,"pct":100},"branches":{"total":2,"covered":2,"skipped":0,"pct":100}}
,"/home/zirows/Documentos/trybe-projects/sd-030-b-project-recipes-app/src/context/RecipeContext.js": {"lines":{"total":1,"covered":1,"skipped":0,"pct":100},"functions":{"total":0,"covered":0,"skipped":0,"pct":100},"statements":{"total":1,"covered":1,"skipped":0,"pct":100},"branches":{"total":0,"covered":0,"skipped":0,"pct":100}}
,"/home/zirows/Documentos/trybe-projects/sd-030-b-project-recipes-app/src/context/RecipeProvider.js": {"lines":{"total":62,"covered":38,"skipped":0,"pct":61.29},"functions":{"total":46,"covered":21,"skipped":0,"pct":45.65},"statements":{"total":64,"covered":39,"skipped":0,"pct":60.93},"branches":{"total":2,"covered":2,"skipped":0,"pct":100}}
,"/home/zirows/Documentos/trybe-projects/sd-030-b-project-recipes-app/src/pages/DoneRecipes.jsx": {"lines":{"total":12,"covered":4,"skipped":0,"pct":33.33},"functions":{"total":6,"covered":1,"skipped":0,"pct":16.66},"statements":{"total":13,"covered":4,"skipped":0,"pct":30.76},"branches":{"total":5,"covered":2,"skipped":0,"pct":40}}
,"/home/zirows/Documentos/trybe-projects/sd-030-b-project-recipes-app/src/pages/FavoriteRecipes.jsx": {"lines":{"total":16,"covered":8,"skipped":0,"pct":50},"functions":{"total":8,"covered":3,"skipped":0,"pct":37.5},"statements":{"total":18,"covered":9,"skipped":0,"pct":50},"branches":{"total":7,"covered":4,"skipped":0,"pct":57.14}}
,"/home/zirows/Documentos/trybe-projects/sd-030-b-project-recipes-app/src/pages/InProgress.jsx": {"lines":{"total":63,"covered":0,"skipped":0,"pct":0},"functions":{"total":13,"covered":0,"skipped":0,"pct":0},"statements":{"total":65,"covered":0,"skipped":0,"pct":0},"branches":{"total":36,"covered":0,"skipped":0,"pct":0}}
,"/home/zirows/Documentos/trybe-projects/sd-030-b-project-recipes-app/src/pages/Login.jsx": {"lines":{"total":3,"covered":3,"skipped":0,"pct":100},"functions":{"total":1,"covered":1,"skipped":0,"pct":100},"statements":{"total":3,"covered":3,"skipped":0,"pct":100},"branches":{"total":0,"covered":0,"skipped":0,"pct":100}}
,"/home/zirows/Documentos/trybe-projects/sd-030-b-project-recipes-app/src/pages/Profile.jsx": {"lines":{"total":10,"covered":10,"skipped":0,"pct":100},"functions":{"total":5,"covered":5,"skipped":0,"pct":100},"statements":{"total":10,"covered":10,"skipped":0,"pct":100},"branches":{"total":2,"covered":2,"skipped":0,"pct":100}}
}
