{"/home/zirows/Documentos/trybe-projects/sd-030-b-project-recipes-app/src/App.js": {"path":"/home/zirows/Documentos/trybe-projects/sd-030-b-project-recipes-app/src/App.js","statementMap":{"0":{"start":{"line":8,"column":2},"end":{"line":14,"column":4}}},"fnMap":{"0":{"name":"App","decl":{"start":{"line":7,"column":9},"end":{"line":7,"column":12}},"loc":{"start":{"line":7,"column":15},"end":{"line":15,"column":1}},"line":7}},"branchMap":{},"s":{"0":2},"f":{"0":2},"b":{},"_coverageSchema":"1a1c01bbd47fc00a2c39e90264f33305004495a9","hash":"a1ef9e2b6f8fc00dba0c7195ce5d3454329000f2"}
,"/home/zirows/Documentos/trybe-projects/sd-030-b-project-recipes-app/src/components/Footer.jsx": {"path":"/home/zirows/Documentos/trybe-projects/sd-030-b-project-recipes-app/src/components/Footer.jsx","statementMap":{"0":{"start":{"line":6,"column":2},"end":{"line":15,"column":4}}},"fnMap":{"0":{"name":"Footer","decl":{"start":{"line":5,"column":9},"end":{"line":5,"column":15}},"loc":{"start":{"line":5,"column":18},"end":{"line":16,"column":1}},"line":5}},"branchMap":{},"s":{"0":1},"f":{"0":1},"b":{},"_coverageSchema":"1a1c01bbd47fc00a2c39e90264f33305004495a9","hash":"76fc78f8655815406c6f4191ef962fe35b45dc16"}
,"/home/zirows/Documentos/trybe-projects/sd-030-b-project-recipes-app/src/context/LoginContext.js": {"path":"/home/zirows/Documentos/trybe-projects/sd-030-b-project-recipes-app/src/context/LoginContext.js","statementMap":{"0":{"start":{"line":3,"column":21},"end":{"line":3,"column":36}}},"fnMap":{},"branchMap":{},"s":{"0":1},"f":{},"b":{},"_coverageSchema":"1a1c01bbd47fc00a2c39e90264f33305004495a9","hash":"8500e1188aa48375cc40f9938f093291f436926d"}
,"/home/zirows/Documentos/trybe-projects/sd-030-b-project-recipes-app/src/context/LoginProvider.js": {"path":"/home/zirows/Documentos/trybe-projects/sd-030-b-project-recipes-app/src/context/LoginProvider.js","statementMap":{"0":{"start":{"line":7,"column":28},"end":{"line":7,"column":40}},"1":{"start":{"line":8,"column":26},"end":{"line":8,"column":38}},"2":{"start":{"line":9,"column":38},"end":{"line":9,"column":52}},"3":{"start":{"line":10,"column":18},"end":{"line":10,"column":30}},"4":{"start":{"line":12,"column":17},"end":{"line":18,"column":3}},"5":{"start":{"line":13,"column":20},"end":{"line":13,"column":64}},"6":{"start":{"line":14,"column":24},"end":{"line":14,"column":43}},"7":{"start":{"line":15,"column":19},"end":{"line":15,"column":20}},"8":{"start":{"line":16,"column":23},"end":{"line":16,"column":44}},"9":{"start":{"line":17,"column":4},"end":{"line":17,"column":48}},"10":{"start":{"line":20,"column":22},"end":{"line":23,"column":3}},"11":{"start":{"line":21,"column":4},"end":{"line":21,"column":20}},"12":{"start":{"line":22,"column":4},"end":{"line":22,"column":13}},"13":{"start":{"line":25,"column":21},"end":{"line":28,"column":3}},"14":{"start":{"line":26,"column":4},"end":{"line":26,"column":19}},"15":{"start":{"line":27,"column":4},"end":{"line":27,"column":13}},"16":{"start":{"line":30,"column":22},"end":{"line":34,"column":3}},"17":{"start":{"line":31,"column":17},"end":{"line":31,"column":26}},"18":{"start":{"line":32,"column":4},"end":{"line":32,"column":55}},"19":{"start":{"line":33,"column":4},"end":{"line":33,"column":27}},"20":{"start":{"line":36,"column":23},"end":{"line":38,"column":69}},"21":{"start":{"line":37,"column":4},"end":{"line":37,"column":69}},"22":{"start":{"line":40,"column":2},"end":{"line":46,"column":4}},"23":{"start":{"line":49,"column":0},"end":{"line":51,"column":2}}},"fnMap":{"0":{"name":"LoginProvider","decl":{"start":{"line":6,"column":9},"end":{"line":6,"column":22}},"loc":{"start":{"line":6,"column":37},"end":{"line":47,"column":1}},"line":6},"1":{"name":"(anonymous_1)","decl":{"start":{"line":12,"column":17},"end":{"line":12,"column":18}},"loc":{"start":{"line":12,"column":23},"end":{"line":18,"column":3}},"line":12},"2":{"name":"(anonymous_2)","decl":{"start":{"line":20,"column":22},"end":{"line":20,"column":23}},"loc":{"start":{"line":20,"column":49},"end":{"line":23,"column":3}},"line":20},"3":{"name":"(anonymous_3)","decl":{"start":{"line":25,"column":21},"end":{"line":25,"column":22}},"loc":{"start":{"line":25,"column":48},"end":{"line":28,"column":3}},"line":25},"4":{"name":"(anonymous_4)","decl":{"start":{"line":30,"column":22},"end":{"line":30,"column":23}},"loc":{"start":{"line":30,"column":28},"end":{"line":34,"column":3}},"line":30},"5":{"name":"(anonymous_5)","decl":{"start":{"line":36,"column":31},"end":{"line":36,"column":32}},"loc":{"start":{"line":37,"column":4},"end":{"line":37,"column":69}},"line":37}},"branchMap":{"0":{"loc":{"start":{"line":17,"column":20},"end":{"line":17,"column":45}},"type":"binary-expr","locations":[{"start":{"line":17,"column":20},"end":{"line":17,"column":31}},{"start":{"line":17,"column":35},"end":{"line":17,"column":45}}],"line":17}},"s":{"0":27,"1":27,"2":27,"3":27,"4":27,"5":23,"6":23,"7":23,"8":23,"9":23,"10":27,"11":16,"12":16,"13":27,"14":7,"15":7,"16":27,"17":1,"18":1,"19":1,"20":27,"21":27,"22":27,"23":1},"f":{"0":27,"1":23,"2":16,"3":7,"4":1,"5":27},"b":{"0":[23,9]},"_coverageSchema":"1a1c01bbd47fc00a2c39e90264f33305004495a9","hash":"2a2557602a4f474f5b7a799600557a08f840967a"}
,"/home/zirows/Documentos/trybe-projects/sd-030-b-project-recipes-app/src/pages/Login.jsx": {"path":"/home/zirows/Documentos/trybe-projects/sd-030-b-project-recipes-app/src/pages/Login.jsx","statementMap":{"0":{"start":{"line":5,"column":16},"end":{"line":5,"column":40}},"1":{"start":{"line":6,"column":76},"end":{"line":6,"column":81}},"2":{"start":{"line":7,"column":2},"end":{"line":35,"column":4}}},"fnMap":{"0":{"name":"Login","decl":{"start":{"line":4,"column":9},"end":{"line":4,"column":14}},"loc":{"start":{"line":4,"column":17},"end":{"line":36,"column":1}},"line":4}},"branchMap":{},"s":{"0":25,"1":25,"2":25},"f":{"0":25},"b":{},"_coverageSchema":"1a1c01bbd47fc00a2c39e90264f33305004495a9","hash":"d1f915b19ea9006d4d2f8c6f81803b08cded4a2b"}
}
