TN:
SF:src/App.js
FN:7,App
FNF:1
FNH:1
FNDA:2,App
DA:8,2
LF:1
LH:1
BRF:0
BRH:0
end_of_record
TN:
SF:src/components/Footer.jsx
FN:5,Footer
FNF:1
FNH:1
FNDA:1,Footer
DA:6,1
LF:1
LH:1
BRF:0
BRH:0
end_of_record
TN:
SF:src/context/LoginContext.js
FNF:0
FNH:0
DA:3,1
LF:1
LH:1
BRF:0
BRH:0
end_of_record
TN:
SF:src/context/LoginProvider.js
FN:6,LoginProvider
FN:12,(anonymous_1)
FN:20,(anonymous_2)
FN:25,(anonymous_3)
FN:30,(anonymous_4)
FN:36,(anonymous_5)
FNF:6
FNH:6
FNDA:27,LoginProvider
FNDA:23,(anonymous_1)
FNDA:16,(anonymous_2)
FNDA:7,(anonymous_3)
FNDA:1,(anonymous_4)
FNDA:27,(anonymous_5)
DA:7,27
DA:8,27
DA:9,27
DA:10,27
DA:12,27
DA:13,23
DA:14,23
DA:15,23
DA:16,23
DA:17,23
DA:20,27
DA:21,16
DA:22,16
DA:25,27
DA:26,7
DA:27,7
DA:30,27
DA:31,1
DA:32,1
DA:33,1
DA:36,27
DA:37,27
DA:40,27
DA:49,1
LF:24
LH:24
BRDA:17,0,0,23
BRDA:17,0,1,9
BRF:2
BRH:2
end_of_record
TN:
SF:src/pages/Login.jsx
FN:4,Login
FNF:1
FNH:1
FNDA:25,Login
DA:5,25
DA:6,25
DA:7,25
LF:3
LH:3
BRF:0
BRH:0
end_of_record
